<?xml version="1.0" encoding="UTF-8"?>
<testng-results ignored="0" total="2" passed="2" failed="0" skipped="0">
  <reporter-output>
  </reporter-output>
  <suite started-at="2024-06-28T15:45:39 IST" name="Suite" finished-at="2024-06-28T15:45:39 IST" duration-ms="69">
    <groups>
    </groups>
    <test started-at="2024-06-28T15:45:39 IST" name="Test" finished-at="2024-06-28T15:45:39 IST" duration-ms="69">
      <class name="pac2.OrgTest">
        <test-method signature="createOrgTest()[pri:0, instance:pac2.OrgTest@57a3af25]" started-at="2024-06-28T15:45:39 IST" name="createOrgTest" finished-at="2024-06-28T15:45:39 IST" duration-ms="13" status="PASS">
          <reporter-output>
          </reporter-output>
        </test-method> <!-- createOrgTest -->
        <test-method signature="modifyOrgTest()[pri:0, instance:pac2.OrgTest@57a3af25]" started-at="2024-06-28T15:45:39 IST" name="modifyOrgTest" finished-at="2024-06-28T15:45:39 IST" duration-ms="4" status="PASS">
          <reporter-output>
          </reporter-output>
        </test-method> <!-- modifyOrgTest -->
      </class> <!-- pac2.OrgTest -->
    </test> <!-- Test -->
  </suite> <!-- Suite -->
</testng-results>
