<?xml version="1.0" encoding="UTF-8"?>
<!-- Generated by org.testng.reporters.JUnitXMLReporter -->
<testsuite ignored="0" hostname="DESKTOP-JL3SFV8" failures="0" tests="4" name="Surefire test" time="0.058" errors="0" timestamp="2024-06-27T09:55:41 IST">
  <testcase classname="pac1.ContactTest" name="createContactTest" time="0.006"/>
  <testcase classname="pac1.ContactTest" name="modifyContactTest" time="0.001"/>
  <testcase classname="pac1.OrgTest" name="createOrgTest" time="0.001"/>
  <testcase classname="pac1.OrgTest" name="modifyOrgTest" time="0.001"/>
</testsuite> <!-- Surefire test -->
